\BOOKMARK [0][-]{chapter.1}{\376\377\000C\000h\000a\000p\0001}{}% 1
\BOOKMARK [1][-]{section.1.1}{\376\377\000T\036\325\000n\000g\000\040\000q\000u\000a\000n\000\040\000v\036\301\000\040\000k\000i\036\277\000n\000\040\000t\000r\000\372\000c\000\040\000h\036\307\000\040\000t\000h\036\321\000n\000g}{chapter.1}% 2
\BOOKMARK [2][-]{subsection.1.1.1}{\376\377\000T\036\325\000n\000g\000\040\000q\000u\000a\000n\000\040\000v\036\301\000\040\000k\000i\036\277\000n\000\040\000t\000r\000\372\000c\000\040\000h\036\307\000\040\000t\000h\036\321\000n\000g\000\040\000t\000r\000o\000n\000g\000\040\036\351\000n\000g\000\040\000d\036\345\000n\000g\000\040\000d\000i\000\040\001\021\036\331\000n\000g}{section.1.1}% 3
\BOOKMARK [2][-]{subsection.1.1.2}{\376\377\000C\000\341\000c\000\040\000y\036\277\000u\000\040\000t\036\321\000\040\000q\000u\000a\000n\000\040\000t\000r\036\315\000n\000g\000\040\000t\000r\000o\000n\000g\000\040\000k\000i\036\277\000n\000\040\000t\000r\000\372\000c\000\040\000h\036\307\000\040\000t\000h\036\321\000n\000g}{section.1.1}% 4
\BOOKMARK [2][-]{subsection.1.1.3}{\376\377\000C\000\341\000c\000\040\000m\000\364\000\040\000h\000\354\000n\000h\000\040\000k\000i\036\277\000n\000\040\000t\000r\000\372\000c\000\040\000p\000h\036\325\000\040\000b\000i\036\277\000n\000\040\000t\000r\000o\000n\000g\000\040\036\351\000n\000g\000\040\000d\036\345\000n\000g\000\040\000d\000i\000\040\001\021\036\331\000n\000g}{section.1.1}% 5
\BOOKMARK [2][-]{subsection.1.1.4}{\376\377\000C\000\364\000n\000g\000\040\000n\000g\000h\036\307\000\040\000v\000\340\000\040\000c\000\364\000n\000g\000\040\000c\036\345\000\040\000h\036\327\000\040\000t\000r\036\343}{section.1.1}% 6
\BOOKMARK [1][-]{section.1.2}{\376\377\000L\036\313\000c\000h\000\040\000s\036\355\000\040\000n\000g\000\340\000n\000h\000\040\000l\036\255\000p\000\040\000t\000r\000\354\000n\000h\000\040\000d\000i\000\040\001\021\036\331\000n\000g}{chapter.1}% 7
\BOOKMARK [2][-]{subsection.1.2.1}{\376\377\000T\036\325\000n\000g\000\040\000q\000u\000a\000n\000\040\000v\036\301\000\040\000l\036\313\000c\000h\000\040\000s\036\355\000\040\000n\000g\000\340\000n\000h\000\040\000l\036\255\000p\000\040\000t\000r\000\354\000n\000h\000\040\000d\000i\000\040\001\021\036\331\000n\000g}{section.1.2}% 8
\BOOKMARK [2][-]{subsection.1.2.2}{\376\377\000M\036\331\000t\000\040\000s\036\321\000\040\000t\000h\000i\036\277\000t\000\040\000k\036\277\000\040\000c\036\347\000a\000\040\001\021\000i\036\307\000n\000\040\000t\000h\000o\036\241\000i\000\040\000d\000i\000\040\001\021\036\331\000n\000g\000\040\000q\000u\000a\000\040\000t\036\353\000n\000g\000\040\000t\000h\036\335\000i\000\040\000k\036\363}{section.1.2}% 9
\BOOKMARK [2][-]{subsection.1.2.3}{\376\377\000M\000o\000t\000o\000r\000o\000l\000a\000\040\000D\000y\000n\000a\000T\000A\000C\000\040\0008\0000\0000\0000\000X\000\040\040\023\000\040\000B\001\260\036\333\000c\000\040\000n\000g\000o\036\267\000t\000\040\001\021\036\247\000u\000\040\000t\000i\000\352\000n\000\040\000c\036\347\000a\000\040\001\021\000i\036\307\000n\000\040\000t\000h\000o\036\241\000i\000\040\000d\000i\000\040\001\021\036\331\000n\000g}{section.1.2}% 10
\BOOKMARK [2][-]{subsection.1.2.4}{\376\377\000T\036\353\000\040\040\034\000c\036\345\000c\000\040\000g\036\241\000c\000h\040\035\000\040\001\021\036\277\000n\000\040\000t\000r\036\243\000i\000\040\000n\000g\000h\000i\036\307\000m\000\040\000n\000g\001\260\036\335\000i\000\040\000d\000\371\000n\000g\000\040\000h\000i\036\307\000n\000\040\001\021\036\241\000i}{section.1.2}% 11
\BOOKMARK [2][-]{subsection.1.2.5}{\376\377\000C\000h\000u\036\251\000n\000\040\000W\000A\000P\000\040\040\023\000\040\000K\000h\036\337\000i\000\040\001\021\036\247\000u\000\040\000c\000h\000o\000\040\000t\000r\000\354\000n\000h\000\040\000d\000u\000y\036\307\000t\000\040\000w\000e\000b\000\040\000t\000r\000\352\000n\000\040\000d\000i\000\040\001\021\036\331\000n\000g}{section.1.2}% 12
\BOOKMARK [2][-]{subsection.1.2.6}{\376\377\000S\036\361\000\040\000p\000h\000\341\000t\000\040\000t\000r\000i\036\303\000n\000\040\000c\036\347\000a\000\040\000t\000h\000a\000n\000h\000\040\000t\000o\000\341\000n\000\040\000d\000i\000\040\001\021\036\331\000n\000g\000\040\000v\000\340\000\040\000b\001\260\036\333\000c\000\040\000n\000g\000o\036\267\000t\000\040\000t\000r\000o\000n\000g\000\040\000l\036\255\000p\000\040\000t\000r\000\354\000n\000h\000\040\036\351\000n\000g\000\040\000d\036\345\000n\000g}{section.1.2}% 13
\BOOKMARK [2][-]{subsection.1.2.7}{\376\377\000T\000h\036\313\000\040\000t\000r\001\260\036\335\000n\000g\000\040\000d\000i\000\040\001\021\036\331\000n\000g\000\040\000t\000r\000\352\000n\000\040\000t\000o\000\340\000n\000\040\000t\000h\036\277\000\040\000g\000i\036\333\000i}{section.1.2}% 14
\BOOKMARK [2][-]{subsection.1.2.8}{\376\377\000T\000h\036\313\000\040\000t\000r\001\260\036\335\000n\000g\000\040\000v\000\340\000\040\000s\036\361\000\040\000c\036\241\000n\000h\000\040\000t\000r\000a\000n\000h\000\040\000t\000r\000o\000n\000g\000\040\000n\000g\000\340\000n\000h\000\040\000l\036\255\000p\000\040\000t\000r\000\354\000n\000h\000\040\000d\000i\000\040\001\021\036\331\000n\000g}{section.1.2}% 15
\BOOKMARK [2][-]{subsection.1.2.9}{\376\377\000H\000a\000i\000\040\000h\036\307\000\040\001\021\000i\036\301\000u\000\040\000h\000\340\000n\000h\000\040\000p\000h\036\325\000\040\000b\000i\036\277\000n\000\040\000n\000h\036\245\000t\000\040\000n\000g\000\340\000y\000\040\000n\000a\000y\000:\000\040\000i\000O\000S\000\040\000v\000\340\000\040\000A\000n\000d\000r\000o\000i\000d\000.}{section.1.2}% 16
\BOOKMARK [1][-]{section.1.3}{\376\377\000T\036\325\000n\000g\000\040\000q\000u\000a\000n\000\040\000v\036\301\000\040\000c\000\341\000c\000\040\000k\000i\036\277\000n\000\040\000t\000r\000\372\000c\000\040\000p\000h\036\247\000n\000\040\000m\036\301\000m}{chapter.1}% 17
\BOOKMARK [2][-]{subsection.1.3.1}{\376\377\000M\036\253\000u\000\040\000k\000i\036\277\000n\000\040\000t\000r\000\372\000c\000\040\000L\000a\000y\000e\000r\000s}{section.1.3}% 18
\BOOKMARK [2][-]{subsection.1.3.2}{\376\377\000M\036\253\000u\000\040\000k\000i\036\277\000n\000\040\000t\000r\000\372\000c\000\040\000M\000V\000C}{section.1.3}% 19
\BOOKMARK [2][-]{subsection.1.3.3}{\376\377\000M\000\364\000\040\000h\000\354\000n\000h\000\040\000k\000i\036\277\000n\000\040\000t\000r\000\372\000c\000\040\000M\000V\000V\000M}{section.1.3}% 20
\BOOKMARK [2][-]{subsection.1.3.4}{\376\377\000H\036\327\000\040\000t\000r\036\343\000\040\000m\000\364\000\040\000h\000\354\000n\000h\000\040\000C\000l\000i\000e\000n\000t\000\040\040\023\000\040\000S\000e\000r\000v\000e\000r}{section.1.3}% 21
\BOOKMARK [2][-]{subsection.1.3.5}{\376\377\001\020\000\341\000n\000h\000\040\000g\000i\000\341\000\040\000t\036\325\000n\000g\000\040\000q\000u\000a\000n}{section.1.3}% 22
\BOOKMARK [1][-]{section.1.4}{\376\377\000P\000h\000\342\000n\000\040\000t\000\355\000c\000h\000\040\000c\000h\000i\000\040\000t\000i\036\277\000t\000\040\000c\000\341\000c\000\040\000k\000i\036\277\000n\000\040\000t\000r\000\372\000c\000\040\000p\000h\036\247\000n\000\040\000m\036\301\000m}{chapter.1}% 23
\BOOKMARK [2][-]{subsection.1.4.1}{\376\377\000K\000i\036\277\000n\000\040\000t\000r\000\372\000c\000\040\000p\000h\036\247\000n\000\040\000m\036\301\000m\000\040\000b\000a\000\040\000t\036\247\000n\000g\000\040\000\050\000T\000h\000r\000e\000e\000-\000t\000i\000e\000r\000\040\000a\000r\000c\000h\000i\000t\000e\000c\000t\000u\000r\000e\000\051}{section.1.4}% 24
\BOOKMARK [2][-]{subsection.1.4.2}{\376\377\000K\000i\036\277\000n\000\040\000t\000r\000\372\000c\000\040\000M\000V\000C\000\040\000\050\000M\000o\000d\000e\000l\000\040\040\023\000\040\000V\000i\000e\000w\000\040\040\023\000\040\000C\000o\000n\000t\000r\000o\000l\000l\000e\000r\000\051}{section.1.4}% 25
\BOOKMARK [2][-]{subsection.1.4.3}{\376\377\000K\000i\036\277\000n\000\040\000t\000r\000\372\000c\000\040\000M\000V\000V\000M\000\040\000\050\000M\000o\000d\000e\000l\000\040\000-\000\040\000V\000i\000e\000w\000\040\000-\000\040\000V\000i\000e\000w\000M\000o\000d\000e\000l\000\051}{section.1.4}% 26
\BOOKMARK [2][-]{subsection.1.4.4}{\376\377\000K\000i\036\277\000n\000\040\000t\000r\000\372\000c\000\040\000C\000l\000i\000e\000n\000t\000/\000S\000e\000r\000v\000e\000r}{section.1.4}% 27
\BOOKMARK [1][-]{section.1.5}{\376\377\000C\000\341\000c\000\040\000y\036\277\000u\000\040\000t\036\321\000\040\036\243\000n\000h\000\040\000h\001\260\036\337\000n\000g\000\040\001\021\036\277\000n\000\040\000c\000h\000i\000\040\000p\000h\000\355\000\040\000p\000h\000\341\000t\000\040\000t\000r\000i\036\303\000n\000\040\036\351\000n\000g\000\040\000d\036\345\000n\000g}{chapter.1}% 28
\BOOKMARK [2][-]{subsection.1.5.1}{\376\377\000C\000\341\000c\000\040\000y\036\277\000u\000\040\000t\036\321\000\040\000c\000h\000\355\000n\000h\000:}{section.1.5}% 29
\BOOKMARK [2][-]{subsection.1.5.2}{\376\377\000C\000h\000i\000\040\000p\000h\000\355\000\040\000t\000h\000u\000\352\000\040\000n\000h\000\342\000n\000\040\000s\036\361\000\040\000t\000h\000e\000o\000\040\000k\000h\000u\000\040\000v\036\361\000c\000\040\001\021\036\313\000a\000\040\000l\000\375\000:}{section.1.5}% 30
\BOOKMARK [0][-]{chapter.2}{\376\377\000I\000O\000S}{}% 31
\BOOKMARK [1][-]{section.2.1}{\376\377\000N\036\301\000n\000\040\000t\036\243\000n\000g\000\040\000i\000O\000S\000\040\000v\000\340\000\040\000c\000\341\000c\000\040\000t\000h\000\340\000n\000h\000\040\000p\000h\036\247\000n\000\040\000c\001\241\000\040\000b\036\243\000n}{chapter.2}% 32
\BOOKMARK [2][-]{subsection.2.1.1}{\376\377\000K\000i\036\277\000n\000\040\000t\000r\000\372\000c\000\040\000t\036\247\000n\000g\000\040\000c\036\347\000a\000\040\000i\000O\000S}{section.2.1}% 33
\BOOKMARK [2][-]{subsection.2.1.2}{\376\377\000\040\000V\000\362\000n\000g\000\040\001\021\036\335\000i\000\040\036\351\000n\000g\000\040\000d\036\345\000n\000g\000\040\000I\000O\000S}{section.2.1}% 34
\BOOKMARK [2][-]{subsection.2.1.3}{\376\377\000A\000p\000p\000\040\000D\000e\000l\000e\000g\000a\000t\000e\000\040\000v\000\340\000\040\000S\000c\000e\000n\000e\000\040\000D\000e\000l\000e\000g\000a\000t\000e}{section.2.1}% 35
\BOOKMARK [2][-]{subsection.2.1.4}{\376\377\000L\000u\036\323\000n\000g\000\040\000l\000\340\000m\000\040\000v\000i\036\307\000c\000\040\000c\036\347\000a\000\040\000n\000g\001\260\036\335\000i\000\040\000d\000\371\000n\000g\000\040\000v\000\340\000\040\000S\000t\000o\000r\000y\000b\000o\000a\000r\000d\000s}{section.2.1}% 36
\BOOKMARK [1][-]{section.2.2}{\376\377\000M\000\364\000\040\000h\000\354\000n\000h\000\040\000k\000i\036\277\000n\000\040\000t\000r\000\372\000c\000\040\036\351\000n\000g\000\040\000d\036\345\000n\000g\000\040\000i\000O\000S}{chapter.2}% 37
\BOOKMARK [2][-]{subsection.2.2.1}{\376\377\000M\000o\000d\000e\000l\000-\000V\000i\000e\000w\000-\000C\000o\000n\000t\000r\000o\000l\000l\000e\000r\000\050\000M\000V\000C\000\051}{section.2.2}% 38
\BOOKMARK [2][-]{subsection.2.2.2}{\376\377\000M\000\364\000\040\000h\000\354\000n\000h\000\040\000M\000V\000P\000\040\000t\000r\000o\000n\000g\000\040\000i\000O\000S}{section.2.2}% 39
\BOOKMARK [2][-]{subsection.2.2.3}{\376\377\000M\000\364\000\040\000h\000\354\000n\000h\000\040\000M\000V\000V\000M\000\040\000t\000r\000o\000n\000g\000\040\000i\000O\000S}{section.2.2}% 40
\BOOKMARK [2][-]{subsection.2.2.4}{\376\377\000M\000V\000C\000V\000S\000\040\000\050\000M\000o\000d\000e\000l\000-\000V\000i\000e\000w\000-\000C\000o\000n\000t\000r\000o\000l\000l\000e\000r\000-\000V\000i\000e\000w\000S\000t\000a\000t\000e\000\051}{section.2.2}% 41
\BOOKMARK [2][-]{subsection.2.2.5}{\376\377\000V\000I\000P\000E\000R}{section.2.2}% 42
\BOOKMARK [2][-]{subsection.2.2.6}{\376\377\000T\000h\000e\000\040\000E\000l\000m\000\040\000A\000r\000c\000h\000i\000t\000e\000c\000t\000u\000r\000e\000\040\000\050\000T\000E\000A\000\051}{section.2.2}% 43
\BOOKMARK [2][-]{subsection.2.2.7}{\376\377\000C\000o\000o\000r\000d\000i\000n\000a\000t\000o\000r\000\040\000P\000a\000t\000t\000e\000r\000n}{section.2.2}% 44
\BOOKMARK [1][-]{section.2.3}{\376\377\000Q\000u\036\243\000n\000\040\000l\000\375\000\040\000t\000r\036\241\000n\000g\000\040\000t\000h\000\341\000i\000\040\000t\000r\000o\000n\000g\000\040\036\351\000n\000g\000\040\000d\036\345\000n\000g\000\040\000i\000O\000S}{chapter.2}% 45
\BOOKMARK [2][-]{subsection.2.3.1}{\376\377\000C\000\341\000c\000\040\000c\000\341\000c\000h\000\040\000t\000i\036\277\000p\000\040\000c\036\255\000n\000\040\000q\000u\036\243\000n\000\040\000l\000\375\000\040\000t\000r\036\241\000n\000g\000\040\000t\000h\000\341\000i}{section.2.3}% 46
\BOOKMARK [2][-]{subsection.2.3.2}{\376\377\000S\000t\000a\000t\000e\000\040\000C\000o\000n\000t\000a\000i\000n\000e\000r\000s}{section.2.3}% 47
\BOOKMARK [1][-]{section.2.4}{\376\377\000Q\000u\036\243\000n\000\040\000l\000\375\000\040\000p\000h\036\345\000\040\000t\000h\000u\036\331\000c}{chapter.2}% 48
\BOOKMARK [2][-]{subsection.2.4.1}{\376\377\000C\000\341\000c\000\040\000l\000o\036\241\000i\000\040\000D\000e\000p\000e\000n\000d\000e\000n\000c\000y\000\040\000I\000n\000j\000e\000c\000t\000i\000o\000n}{section.2.4}% 49
\BOOKMARK [2][-]{subsection.2.4.2}{\376\377\000D\000I\000\040\000C\000o\000n\000t\000a\000i\000n\000e\000r\000s}{section.2.4}% 50
\BOOKMARK [1][-]{section.2.5}{\376\377\000C\000\341\000c\000h\000\040\000t\000h\000i\036\277\000t\000\040\000k\036\277\000\040\000g\000i\000a\000o\000\040\000d\000i\036\307\000n\000\040\000n\000g\001\260\036\335\000i\000\040\000d\000\371\000n\000g}{chapter.2}% 51
\BOOKMARK [2][-]{subsection.2.5.1}{\376\377\000U\000I\000K\000i\000t}{section.2.5}% 52
\BOOKMARK [2][-]{subsection.2.5.2}{\376\377\000S\000w\000i\000f\000t\000U\000I}{section.2.5}% 53
\BOOKMARK [2][-]{subsection.2.5.3}{\376\377\000S\000o\000\040\000s\000\341\000n\000h\000\040\000U\000I\000K\000i\000t\000\040\000v\000\340\000\040\000S\000w\000i\000f\000t\000U\000I}{section.2.5}% 54
\BOOKMARK [1][-]{section.2.6}{\376\377\000X\036\355\000\040\000l\000\375\000\040\000D\036\357\000\040\000l\000i\036\307\000u}{chapter.2}% 55
\BOOKMARK [2][-]{subsection.2.6.1}{\376\377\000C\000o\000r\000e\000\040\000D\000a\000t\000a}{section.2.6}% 56
\BOOKMARK [2][-]{subsection.2.6.2}{\376\377\000R\000e\000a\000l\000m}{section.2.6}% 57
\BOOKMARK [2][-]{subsection.2.6.3}{\376\377\000S\000Q\000L\000i\000t\000e}{section.2.6}% 58
\BOOKMARK [2][-]{subsection.2.6.4}{\376\377\000U\000s\000e\000r\000D\000e\000f\000a\000u\000l\000t\000s}{section.2.6}% 59
\BOOKMARK [2][-]{subsection.2.6.5}{\376\377\000K\000e\000y\000c\000h\000a\000i\000n}{section.2.6}% 60
\BOOKMARK [1][-]{section.2.7}{\376\377\000X\036\355\000\040\000l\000\375\000\040\000b\036\245\000t\000\040\001\021\036\323\000n\000g\000\040\000b\036\331}{chapter.2}% 61
\BOOKMARK [2][-]{subsection.2.7.1}{\376\377\000C\000o\000m\000p\000l\000e\000t\000i\000o\000n\000\040\000H\000a\000n\000d\000l\000e\000r\000s}{section.2.7}% 62
\BOOKMARK [2][-]{subsection.2.7.2}{\376\377\000P\000r\000o\000m\000i\000s\000e\000s}{section.2.7}% 63
\BOOKMARK [2][-]{subsection.2.7.3}{\376\377\000A\000s\000y\000n\000c\000/\000A\000w\000a\000i\000t}{section.2.7}% 64
\BOOKMARK [2][-]{subsection.2.7.4}{\376\377\000C\000o\000m\000b\000i\000n\000e\000\040\000F\000r\000a\000m\000e\000w\000o\000r\000k}{section.2.7}% 65
\BOOKMARK [1][-]{section.2.8}{\376\377\000K\036\277\000t\000\040\000l\000u\036\255\000n}{chapter.2}% 66
